<?xml version="1.0" encoding="UTF-8"?>
<!-- Generated by org.testng.reporters.JUnitXMLReporter -->
<testsuite ignored="1" hostname="ShreeGanesh" failures="1" tests="1" name="edge(failed)(failed)" time="8.847" errors="0" timestamp="2023-03-17T16:36:08 IST">
  <testcase classname="testPackage.TestClass" name="VerifyAdminTab" time="0.002">
    <failure type="java.lang.NullPointerException" message="Cannot invoke &amp;quot;pompackage1.Dashboard_OrangeHRM.VerifyAdminTab()&amp;quot; because &amp;quot;this.admin&amp;quot; is null">
      <![CDATA[java.lang.NullPointerException: Cannot invoke "pompackage1.Dashboard_OrangeHRM.VerifyAdminTab()" because "this.admin" is null
at testPackage.TestClass.VerifyAdminTab(TestClass.java:71)
at java.base/java.util.concurrent.FutureTask.run(FutureTask.java:317)
at java.base/java.util.concurrent.ThreadPoolExecutor.runWorker(ThreadPoolExecutor.java:1144)
at java.base/java.util.concurrent.ThreadPoolExecutor$Worker.run(ThreadPoolExecutor.java:642)
at java.base/java.lang.Thread.run(Thread.java:1589)
... Removed 6 stack frames]]>
    </failure>
  </testcase> <!-- VerifyAdminTab -->
  <testcase classname="testPackage.TestClass" name="test1" time="0.0">
    <ignored/>
  </testcase> <!-- test1 -->
</testsuite> <!-- edge(failed)(failed) -->
