<?xml version="1.0" encoding="UTF-8"?>
<!-- Generated by org.testng.reporters.JUnitXMLReporter -->
<testsuite ignored="2" hostname="ShreeGanesh" failures="1" tests="2" name="firefox" time="20.003" errors="0" timestamp="2023-03-17T17:32:17 IST">
  <testcase classname="testPackage.TestClass" name="test1" time="2.403"/>
  <testcase classname="testPackage.TestClass" name="VerifyAdminTab" time="0.0">
    <failure type="java.lang.NullPointerException" message="Cannot invoke &amp;quot;pompackage1.Dashboard_OrangeHRM.VerifyAdminTab()&amp;quot; because &amp;quot;this.admin&amp;quot; is null">
      <![CDATA[java.lang.NullPointerException: Cannot invoke "pompackage1.Dashboard_OrangeHRM.VerifyAdminTab()" because "this.admin" is null
at testPackage.TestClass.VerifyAdminTab(TestClass.java:72)
at java.base/java.util.concurrent.FutureTask.run(FutureTask.java:317)
at java.base/java.util.concurrent.ThreadPoolExecutor.runWorker(ThreadPoolExecutor.java:1144)
at java.base/java.util.concurrent.ThreadPoolExecutor$Worker.run(ThreadPoolExecutor.java:642)
at java.base/java.lang.Thread.run(Thread.java:1589)
... Removed 6 stack frames]]>
    </failure>
  </testcase> <!-- VerifyAdminTab -->
  <testcase classname="testPackage.BaseClass" name="@AfterTest afterTest" time="0.0">
    <ignored/>
  </testcase> <!-- @AfterTest afterTest -->
  <testcase classname="testPackage.BaseClass" name="@BeforeTest beforeTest" time="0.0">
    <ignored/>
  </testcase> <!-- @BeforeTest beforeTest -->
</testsuite> <!-- firefox -->
