<?xml version="1.0" encoding="UTF-8"?>
<testng-results ignored="4" total="8" passed="2" failed="2" skipped="0">
  <reporter-output>
  </reporter-output>
  <suite started-at="2023-04-02T08:35:20 IST" name="Failed suite [Suite]" finished-at="2023-04-02T08:35:57 IST" duration-ms="36980">
    <groups>
    </groups>
    <test started-at="2023-04-02T08:35:20 IST" name="chrome(failed)" finished-at="2023-04-02T08:35:36 IST" duration-ms="16233">
      <class name="testPackage.TestClass">
        <test-method is-config="true" signature="beforeTest(java.lang.String)[pri:0, instance:testPackage.TestClass@30c15d8b]" started-at="2023-04-02T08:35:20 IST" name="beforeTest" finished-at="2023-04-02T08:35:30 IST" duration-ms="9878" status="PASS">
          <params>
            <param index="0">
              <value>
                <![CDATA[chrome]]>
              </value>
            </param>
          </params>
          <reporter-output>
          </reporter-output>
        </test-method> <!-- beforeTest -->
        <test-method is-config="true" signature="beforeClass()[pri:0, instance:testPackage.TestClass@30c15d8b]" started-at="2023-04-02T08:35:30 IST" name="beforeClass" finished-at="2023-04-02T08:35:30 IST" duration-ms="19" status="PASS">
          <reporter-output>
          </reporter-output>
        </test-method> <!-- beforeClass -->
        <test-method is-config="true" signature="beforeMethod()[pri:0, instance:testPackage.TestClass@30c15d8b]" started-at="2023-04-02T08:35:30 IST" name="beforeMethod" finished-at="2023-04-02T08:35:30 IST" duration-ms="0" status="PASS">
          <reporter-output>
          </reporter-output>
        </test-method> <!-- beforeMethod -->
        <test-method signature="test1()[pri:1, instance:testPackage.TestClass@30c15d8b]" started-at="2023-04-02T08:35:30 IST" name="test1" finished-at="2023-04-02T08:35:35 IST" duration-ms="5568" status="PASS">
          <reporter-output>
          </reporter-output>
        </test-method> <!-- test1 -->
        <test-method is-config="true" signature="aftermethod(org.testng.ITestResult)[pri:0, instance:testPackage.TestClass@30c15d8b]" started-at="2023-04-02T08:35:35 IST" name="aftermethod" finished-at="2023-04-02T08:35:36 IST" duration-ms="378" status="PASS">
          <params>
            <param index="0">
              <value>
                <![CDATA[[TestResult name=test1 status=SUCCESS method=TestClass.test1()[pri:1, instance:testPackage.TestClass@30c15d8b] output={null}]]]>
              </value>
            </param>
          </params>
          <reporter-output>
          </reporter-output>
        </test-method> <!-- aftermethod -->
        <test-method is-config="true" signature="beforeMethod()[pri:0, instance:testPackage.TestClass@30c15d8b]" started-at="2023-04-02T08:35:36 IST" name="beforeMethod" finished-at="2023-04-02T08:35:36 IST" duration-ms="4" status="PASS">
          <reporter-output>
          </reporter-output>
        </test-method> <!-- beforeMethod -->
        <test-method signature="VerifyAdminTab()[pri:2, instance:testPackage.TestClass@30c15d8b]" started-at="2023-04-02T08:35:36 IST" name="VerifyAdminTab" finished-at="2023-04-02T08:35:36 IST" duration-ms="6" status="FAIL">
          <exception class="java.lang.NullPointerException">
            <message>
              <![CDATA[Cannot invoke "pompackage1.Dashboard_OrangeHRM.VerifyAdminTab()" because "this.admin" is null]]>
            </message>
            <full-stacktrace>
              <![CDATA[java.lang.NullPointerException: Cannot invoke "pompackage1.Dashboard_OrangeHRM.VerifyAdminTab()" because "this.admin" is null
at testPackage.TestClass.VerifyAdminTab(TestClass.java:83)
at java.base/jdk.internal.reflect.DirectMethodHandleAccessor.invoke(DirectMethodHandleAccessor.java:104)
at java.base/java.lang.reflect.Method.invoke(Method.java:578)
at org.testng.internal.invokers.MethodInvocationHelper.invokeMethod(MethodInvocationHelper.java:139)
at org.testng.internal.invokers.InvokeMethodRunnable.runOne(InvokeMethodRunnable.java:47)
at org.testng.internal.invokers.InvokeMethodRunnable.call(InvokeMethodRunnable.java:76)
at org.testng.internal.invokers.InvokeMethodRunnable.call(InvokeMethodRunnable.java:11)
at java.base/java.util.concurrent.FutureTask.run(FutureTask.java:317)
at java.base/java.util.concurrent.ThreadPoolExecutor.runWorker(ThreadPoolExecutor.java:1144)
at java.base/java.util.concurrent.ThreadPoolExecutor$Worker.run(ThreadPoolExecutor.java:642)
at java.base/java.lang.Thread.run(Thread.java:1589)
]]>
            </full-stacktrace>
          </exception> <!-- java.lang.NullPointerException -->
          <reporter-output>
          </reporter-output>
        </test-method> <!-- VerifyAdminTab -->
        <test-method is-config="true" signature="aftermethod(org.testng.ITestResult)[pri:0, instance:testPackage.TestClass@30c15d8b]" started-at="2023-04-02T08:35:36 IST" name="aftermethod" finished-at="2023-04-02T08:35:36 IST" duration-ms="322" status="PASS">
          <params>
            <param index="0">
              <value>
                <![CDATA[[TestResult name=VerifyAdminTab status=FAILURE method=TestClass.VerifyAdminTab()[pri:2, instance:testPackage.TestClass@30c15d8b] output={null}]]]>
              </value>
            </param>
          </params>
          <reporter-output>
          </reporter-output>
        </test-method> <!-- aftermethod -->
        <test-method is-config="true" signature="afterTest()[pri:0, instance:testPackage.TestClass@30c15d8b]" started-at="2023-04-02T08:35:36 IST" name="afterTest" finished-at="2023-04-02T08:35:36 IST" duration-ms="0" status="PASS">
          <reporter-output>
          </reporter-output>
        </test-method> <!-- afterTest -->
        <test-method is-config="true" signature="afterClass()[pri:0, instance:testPackage.TestClass@30c15d8b]" started-at="2023-04-02T08:35:36 IST" name="afterClass" finished-at="2023-04-02T08:35:36 IST" duration-ms="0" status="PASS">
          <reporter-output>
          </reporter-output>
        </test-method> <!-- afterClass -->
      </class> <!-- testPackage.TestClass -->
    </test> <!-- chrome(failed) -->
    <test started-at="2023-04-02T08:35:36 IST" name="edge(failed)" finished-at="2023-04-02T08:35:57 IST" duration-ms="20709">
      <class name="testPackage.TestClass">
        <test-method is-config="true" signature="beforeTest(java.lang.String)[pri:0, instance:testPackage.TestClass@6f03482]" started-at="2023-04-02T08:35:36 IST" name="beforeTest" finished-at="2023-04-02T08:35:51 IST" duration-ms="15329" status="PASS">
          <params>
            <param index="0">
              <value>
                <![CDATA[edge]]>
              </value>
            </param>
          </params>
          <reporter-output>
          </reporter-output>
        </test-method> <!-- beforeTest -->
        <test-method signature="test1()[pri:1, instance:testPackage.TestClass@6f03482]" started-at="2023-04-02T08:35:51 IST" name="test1" finished-at="2023-04-02T08:35:56 IST" duration-ms="4995" status="PASS">
          <reporter-output>
          </reporter-output>
        </test-method> <!-- test1 -->
        <test-method is-config="true" signature="beforeClass()[pri:0, instance:testPackage.TestClass@6f03482]" started-at="2023-04-02T08:35:51 IST" name="beforeClass" finished-at="2023-04-02T08:35:51 IST" duration-ms="0" status="PASS">
          <reporter-output>
          </reporter-output>
        </test-method> <!-- beforeClass -->
        <test-method is-config="true" signature="beforeMethod()[pri:0, instance:testPackage.TestClass@6f03482]" started-at="2023-04-02T08:35:51 IST" name="beforeMethod" finished-at="2023-04-02T08:35:51 IST" duration-ms="0" status="PASS">
          <reporter-output>
          </reporter-output>
        </test-method> <!-- beforeMethod -->
        <test-method is-config="true" signature="aftermethod(org.testng.ITestResult)[pri:0, instance:testPackage.TestClass@6f03482]" started-at="2023-04-02T08:35:56 IST" name="aftermethod" finished-at="2023-04-02T08:35:56 IST" duration-ms="65" status="PASS">
          <params>
            <param index="0">
              <value>
                <![CDATA[[TestResult name=test1 status=SUCCESS method=TestClass.test1()[pri:1, instance:testPackage.TestClass@6f03482] output={null}]]]>
              </value>
            </param>
          </params>
          <reporter-output>
          </reporter-output>
        </test-method> <!-- aftermethod -->
        <test-method signature="VerifyAdminTab()[pri:2, instance:testPackage.TestClass@6f03482]" started-at="2023-04-02T08:35:56 IST" name="VerifyAdminTab" finished-at="2023-04-02T08:35:56 IST" duration-ms="10" status="FAIL">
          <exception class="java.lang.NullPointerException">
            <message>
              <![CDATA[Cannot invoke "pompackage1.Dashboard_OrangeHRM.VerifyAdminTab()" because "this.admin" is null]]>
            </message>
            <full-stacktrace>
              <![CDATA[java.lang.NullPointerException: Cannot invoke "pompackage1.Dashboard_OrangeHRM.VerifyAdminTab()" because "this.admin" is null
at testPackage.TestClass.VerifyAdminTab(TestClass.java:83)
at java.base/jdk.internal.reflect.DirectMethodHandleAccessor.invoke(DirectMethodHandleAccessor.java:104)
at java.base/java.lang.reflect.Method.invoke(Method.java:578)
at org.testng.internal.invokers.MethodInvocationHelper.invokeMethod(MethodInvocationHelper.java:139)
at org.testng.internal.invokers.InvokeMethodRunnable.runOne(InvokeMethodRunnable.java:47)
at org.testng.internal.invokers.InvokeMethodRunnable.call(InvokeMethodRunnable.java:76)
at org.testng.internal.invokers.InvokeMethodRunnable.call(InvokeMethodRunnable.java:11)
at java.base/java.util.concurrent.FutureTask.run(FutureTask.java:317)
at java.base/java.util.concurrent.ThreadPoolExecutor.runWorker(ThreadPoolExecutor.java:1144)
at java.base/java.util.concurrent.ThreadPoolExecutor$Worker.run(ThreadPoolExecutor.java:642)
at java.base/java.lang.Thread.run(Thread.java:1589)
]]>
            </full-stacktrace>
          </exception> <!-- java.lang.NullPointerException -->
          <reporter-output>
          </reporter-output>
        </test-method> <!-- VerifyAdminTab -->
        <test-method is-config="true" signature="beforeMethod()[pri:0, instance:testPackage.TestClass@6f03482]" started-at="2023-04-02T08:35:56 IST" name="beforeMethod" finished-at="2023-04-02T08:35:56 IST" duration-ms="0" status="PASS">
          <reporter-output>
          </reporter-output>
        </test-method> <!-- beforeMethod -->
        <test-method is-config="true" signature="aftermethod(org.testng.ITestResult)[pri:0, instance:testPackage.TestClass@6f03482]" started-at="2023-04-02T08:35:56 IST" name="aftermethod" finished-at="2023-04-02T08:35:57 IST" duration-ms="296" status="PASS">
          <params>
            <param index="0">
              <value>
                <![CDATA[[TestResult name=VerifyAdminTab status=FAILURE method=TestClass.VerifyAdminTab()[pri:2, instance:testPackage.TestClass@6f03482] output={null}]]]>
              </value>
            </param>
          </params>
          <reporter-output>
          </reporter-output>
        </test-method> <!-- aftermethod -->
        <test-method is-config="true" signature="afterClass()[pri:0, instance:testPackage.TestClass@6f03482]" started-at="2023-04-02T08:35:57 IST" name="afterClass" finished-at="2023-04-02T08:35:57 IST" duration-ms="0" status="PASS">
          <reporter-output>
          </reporter-output>
        </test-method> <!-- afterClass -->
        <test-method is-config="true" signature="afterTest()[pri:0, instance:testPackage.TestClass@6f03482]" started-at="2023-04-02T08:35:57 IST" name="afterTest" finished-at="2023-04-02T08:35:57 IST" duration-ms="0" status="PASS">
          <reporter-output>
          </reporter-output>
        </test-method> <!-- afterTest -->
      </class> <!-- testPackage.TestClass -->
    </test> <!-- edge(failed) -->
  </suite> <!-- Failed suite [Suite] -->
</testng-results>
